<?xml version="1.0" encoding="UTF-8"?>
<robot generator="Robot 3.1.2 (Python 3.7.4 on win32)" generated="20190719 15:07:12.587" rpa="false">
<suite id="s1" name="RobotProject" source="C:\Users\DMS\Documents\Alfan\eclipse-workspace\RobotFramework-inquiry\RobotProject">
<suite id="s1-s1" name="Test" source="C:\Users\DMS\Documents\Alfan\eclipse-workspace\RobotFramework-inquiry\RobotProject\test">
<suite id="s1-s1-s1" name="TestSuite" source="C:\Users\DMS\Documents\Alfan\eclipse-workspace\RobotFramework-inquiry\RobotProject\test\TestSuite.robot">
<test id="s1-s1-s1-t1" name="NewWindowTesting">
<kw name="Open Browser" library="SeleniumLibrary">
<doc>Opens a new browser instance to the given ``url``.</doc>
<arguments>
<arg>https://za.chinahomelife247.com/product/Handheld-Shower-Head-Unique-Design-of-Add-Shower-Gel-10125295.html?st=0&amp;title=Handheld%20Shower%20Head%20Unique%20Design%20of%20Add%20Shower%20Gel</arg>
<arg>ff</arg>
</arguments>
<msg timestamp="20190719 15:07:12.987" level="INFO">Opening browser 'ff' to base url 'https://za.chinahomelife247.com/product/Handheld-Shower-Head-Unique-Design-of-Add-Shower-Gel-10125295.html?st=0&amp;title=Handheld%20Shower%20Head%20Unique%20Design%20of%20Add%20Shower%20Gel'.</msg>
<status status="PASS" starttime="20190719 15:07:12.987" endtime="20190719 15:07:31.924"></status>
</kw>
<kw name="Set Browser Implicit Wait" library="SeleniumLibrary">
<doc>Sets the implicit wait value used by Selenium.</doc>
<arguments>
<arg>10</arg>
</arguments>
<status status="PASS" starttime="20190719 15:07:31.924" endtime="20190719 15:07:31.928"></status>
</kw>
<kw name="Click Element" library="SeleniumLibrary">
<doc>Click element identified by ``locator``.</doc>
<arguments>
<arg>id=enquiry-dialog-btn</arg>
</arguments>
<msg timestamp="20190719 15:07:31.928" level="INFO">Clicking element 'id=enquiry-dialog-btn'.</msg>
<status status="PASS" starttime="20190719 15:07:31.928" endtime="20190719 15:07:32.621"></status>
</kw>
<kw name="Click Element" library="SeleniumLibrary">
<doc>Click element identified by ``locator``.</doc>
<arguments>
<arg>id=register</arg>
</arguments>
<msg timestamp="20190719 15:07:32.622" level="INFO">Clicking element 'id=register'.</msg>
<status status="PASS" starttime="20190719 15:07:32.622" endtime="20190719 15:07:36.988"></status>
</kw>
<kw name="Sleep" library="BuiltIn">
<doc>Pauses the test executed for the given time.</doc>
<arguments>
<arg>5</arg>
</arguments>
<msg timestamp="20190719 15:07:41.989" level="INFO">Slept 5 seconds</msg>
<status status="PASS" starttime="20190719 15:07:36.988" endtime="20190719 15:07:41.989"></status>
</kw>
<kw name="Get Element Count" library="SeleniumLibrary">
<doc>Returns number of elements matching ``locator``.</doc>
<arguments>
<arg>name=categoryWithNoSearchResult</arg>
</arguments>
<assign>
<var>${nocategory}</var>
</assign>
<msg timestamp="20190719 15:07:42.027" level="INFO">${nocategory} = 1</msg>
<status status="PASS" starttime="20190719 15:07:41.990" endtime="20190719 15:07:42.027"></status>
</kw>
<kw name="Run Keyword If" library="BuiltIn">
<doc>Runs the given keyword with the given arguments, if ``condition`` is true.</doc>
<arguments>
<arg>${nocategory}&gt;0</arg>
<arg>SelectCategory</arg>
</arguments>
<kw name="SelectCategory">
<kw name="Click Element" library="SeleniumLibrary">
<doc>Click element identified by ``locator``.</doc>
<arguments>
<arg>name=categoryWithNoSearchResult</arg>
</arguments>
<msg timestamp="20190719 15:07:42.029" level="INFO">Clicking element 'name=categoryWithNoSearchResult'.</msg>
<status status="PASS" starttime="20190719 15:07:42.029" endtime="20190719 15:07:42.279"></status>
</kw>
<kw name="Select From List By Label" library="SeleniumLibrary">
<doc>Selects options from selection list ``locator`` by ``labels``.</doc>
<arguments>
<arg>name=categoryWithNoSearchResult</arg>
<arg>Other</arg>
</arguments>
<msg timestamp="20190719 15:07:42.281" level="INFO">Selecting options from selection list 'name=categoryWithNoSearchResult' by label Other.</msg>
<status status="PASS" starttime="20190719 15:07:42.280" endtime="20190719 15:07:42.575"></status>
</kw>
<status status="PASS" starttime="20190719 15:07:42.028" endtime="20190719 15:07:42.576"></status>
</kw>
<status status="PASS" starttime="20190719 15:07:42.028" endtime="20190719 15:07:42.576"></status>
</kw>
<status status="PASS" starttime="20190719 15:07:12.986" endtime="20190719 15:07:42.577" critical="yes"></status>
</test>
<doc>Simple example using SeleniumLibrary.</doc>
<status status="PASS" starttime="20190719 15:07:12.741" endtime="20190719 15:07:42.579"></status>
</suite>
<status status="PASS" starttime="20190719 15:07:12.739" endtime="20190719 15:07:42.584"></status>
</suite>
<status status="PASS" starttime="20190719 15:07:12.714" endtime="20190719 15:07:42.588"></status>
</suite>
<statistics>
<total>
<stat pass="1" fail="0">Critical Tests</stat>
<stat pass="1" fail="0">All Tests</stat>
</total>
<tag>
</tag>
<suite>
<stat pass="1" fail="0" id="s1" name="RobotProject">RobotProject</stat>
<stat pass="1" fail="0" id="s1-s1" name="Test">RobotProject.Test</stat>
<stat pass="1" fail="0" id="s1-s1-s1" name="TestSuite">RobotProject.Test.TestSuite</stat>
</suite>
</statistics>
<errors>
</errors>
</robot>
