<?xml version="1.0" encoding="UTF-8"?>
<robot generator="Robot 3.1.2 (Python 3.7.4 on win32)" generated="20190712 12:15:38.881" rpa="false">
<suite id="s1" name="RobotProject" source="C:\Users\DMS\git\RobotFramework-inquiry\RobotProject">
<suite id="s1-s1" name="Test" source="C:\Users\DMS\git\RobotFramework-inquiry\RobotProject\test">
<suite id="s1-s1-s1" name="TestSuite" source="C:\Users\DMS\git\RobotFramework-inquiry\RobotProject\test\TestSuite.robot">
<test id="s1-s1-s1-t1" name="CSVLoopTest">
<kw name="Get File" library="OperatingSystem">
<doc>Returns the contents of a specified file.</doc>
<arguments>
<arg>data.csv</arg>
</arguments>
<assign>
<var>${contents}</var>
</assign>
<msg timestamp="20190712 12:15:39.173" level="INFO" html="yes">Getting file '&lt;a href="file://C:\Users\DMS\git\RobotFramework-inquiry\RobotProject\data.csv"&gt;C:\Users\DMS\git\RobotFramework-inquiry\RobotProject\data.csv&lt;/a&gt;'.</msg>
<msg timestamp="20190712 12:15:39.174" level="INFO">${contents} = https://za.chinahomelife247.com/expo/product/Carbon-steel-Fin-neck-silo-bolt-10192711.html?st=DIN975%20Thread%20Rod=DIN975%20Thread%20Rod&amp;title=Stainless%20steel%20square%20head%20bolt%20Market,Rasika...</msg>
<status status="PASS" starttime="20190712 12:15:39.172" endtime="20190712 12:15:39.174"></status>
</kw>
<kw name="Split To Lines" library="String">
<doc>Splits the given string to lines.</doc>
<arguments>
<arg>${contents}</arg>
</arguments>
<assign>
<var>@{lines}</var>
</assign>
<msg timestamp="20190712 12:15:39.174" level="INFO">4 lines returned</msg>
<msg timestamp="20190712 12:15:39.174" level="INFO">@{lines} = [ https://za.chinahomelife247.com/expo/product/Carbon-steel-Fin-neck-silo-bolt-10192711.html?st=DIN975%20Thread%20Rod=DIN975%20Thread%20Rod&amp;title=Stainless%20steel%20square%20head%20bolt%20Market,Rasi...</msg>
<status status="PASS" starttime="20190712 12:15:39.174" endtime="20190712 12:15:39.174"></status>
</kw>
<kw name="${line} IN [ @{lines} ]" type="for">
<kw name="${line} = https://za.chinahomelife247.com/expo/product/Carbon-steel-Fin-neck-silo-bolt-10192711.html?st=DIN975%20Thread%20Rod=DIN975%20Thread%20Rod&amp;title=Stainless%20steel%20square%20head%20bolt%20Market,Rasika..." type="foritem">
<kw name="Split String" library="String">
<doc>Splits the ``string`` using ``separator`` as a delimiter string.</doc>
<arguments>
<arg>${LINE}</arg>
<arg>separator=,</arg>
</arguments>
<assign>
<var>@{COLUMNS}</var>
</assign>
<msg timestamp="20190712 12:15:39.175" level="INFO">@{COLUMNS} = [ https://za.chinahomelife247.com/expo/product/Carbon-steel-Fin-neck-silo-bolt-10192711.html?st=DIN975%20Thread%20Rod=DIN975%20Thread%20Rod&amp;title=Stainless%20steel%20square%20head%20bolt%20Market | Ra...</msg>
<status status="PASS" starttime="20190712 12:15:39.175" endtime="20190712 12:15:39.175"></status>
</kw>
<kw name="Get From List" library="Collections">
<doc>Returns the value specified with an ``index`` from ``list``.</doc>
<arguments>
<arg>${COLUMNS}</arg>
<arg>0</arg>
</arguments>
<assign>
<var>${URL}</var>
</assign>
<msg timestamp="20190712 12:15:39.176" level="INFO">${URL} = https://za.chinahomelife247.com/expo/product/Carbon-steel-Fin-neck-silo-bolt-10192711.html?st=DIN975%20Thread%20Rod=DIN975%20Thread%20Rod&amp;title=Stainless%20steel%20square%20head%20bolt%20Market</msg>
<status status="PASS" starttime="20190712 12:15:39.176" endtime="20190712 12:15:39.176"></status>
</kw>
<kw name="Get From List" library="Collections">
<doc>Returns the value specified with an ``index`` from ``list``.</doc>
<arguments>
<arg>${COLUMNS}</arg>
<arg>1</arg>
</arguments>
<assign>
<var>${firstName}</var>
</assign>
<msg timestamp="20190712 12:15:39.176" level="INFO">${firstName} = Rasika</msg>
<status status="PASS" starttime="20190712 12:15:39.176" endtime="20190712 12:15:39.176"></status>
</kw>
<kw name="Get From List" library="Collections">
<doc>Returns the value specified with an ``index`` from ``list``.</doc>
<arguments>
<arg>${COLUMNS}</arg>
<arg>2</arg>
</arguments>
<assign>
<var>${email}</var>
</assign>
<msg timestamp="20190712 12:15:39.177" level="INFO">${email} = ras@gmail.com</msg>
<status status="PASS" starttime="20190712 12:15:39.177" endtime="20190712 12:15:39.177"></status>
</kw>
<kw name="Get From List" library="Collections">
<doc>Returns the value specified with an ``index`` from ``list``.</doc>
<arguments>
<arg>${COLUMNS}</arg>
<arg>3</arg>
</arguments>
<assign>
<var>${name}</var>
</assign>
<msg timestamp="20190712 12:15:39.177" level="INFO">${name} = Com</msg>
<status status="PASS" starttime="20190712 12:15:39.177" endtime="20190712 12:15:39.177"></status>
</kw>
<kw name="Get From List" library="Collections">
<doc>Returns the value specified with an ``index`` from ``list``.</doc>
<arguments>
<arg>${COLUMNS}</arg>
<arg>4</arg>
</arguments>
<assign>
<var>${password}</var>
</assign>
<msg timestamp="20190712 12:15:39.178" level="INFO">${password} = wF4Lrf4y</msg>
<status status="PASS" starttime="20190712 12:15:39.178" endtime="20190712 12:15:39.178"></status>
</kw>
<kw name="Get From List" library="Collections">
<doc>Returns the value specified with an ``index`` from ``list``.</doc>
<arguments>
<arg>${COLUMNS}</arg>
<arg>5</arg>
</arguments>
<assign>
<var>${countryId}</var>
</assign>
<msg timestamp="20190712 12:15:39.178" level="INFO">${countryId} = 160</msg>
<status status="PASS" starttime="20190712 12:15:39.178" endtime="20190712 12:15:39.178"></status>
</kw>
<kw name="Get From List" library="Collections">
<doc>Returns the value specified with an ``index`` from ``list``.</doc>
<arguments>
<arg>${COLUMNS}</arg>
<arg>6</arg>
</arguments>
<assign>
<var>${mobile}</var>
</assign>
<msg timestamp="20190712 12:15:39.179" level="INFO">${mobile} = 4211378245</msg>
<status status="PASS" starttime="20190712 12:15:39.179" endtime="20190712 12:15:39.179"></status>
</kw>
<kw name="Get From List" library="Collections">
<doc>Returns the value specified with an ``index`` from ``list``.</doc>
<arguments>
<arg>${COLUMNS}</arg>
<arg>7</arg>
</arguments>
<assign>
<var>${prodQuantitya}</var>
</assign>
<msg timestamp="20190712 12:15:39.179" level="INFO">${prodQuantitya} = 5</msg>
<status status="PASS" starttime="20190712 12:15:39.179" endtime="20190712 12:15:39.179"></status>
</kw>
<kw name="Open Browser" library="SeleniumLibrary">
<doc>Opens a new browser instance to the given ``url``.</doc>
<arguments>
<arg>${URL}</arg>
<arg>ff</arg>
</arguments>
<msg timestamp="20190712 12:15:39.180" level="INFO">Opening browser 'ff' to base url 'https://za.chinahomelife247.com/expo/product/Carbon-steel-Fin-neck-silo-bolt-10192711.html?st=DIN975%20Thread%20Rod=DIN975%20Thread%20Rod&amp;title=Stainless%20steel%20square%20head%20bolt%20Market'.</msg>
<status status="PASS" starttime="20190712 12:15:39.180" endtime="20190712 12:15:47.003"></status>
</kw>
<kw name="Set Browser Implicit Wait" library="SeleniumLibrary">
<doc>Sets the implicit wait value used by Selenium.</doc>
<arguments>
<arg>10</arg>
</arguments>
<kw name="Capture Page Screenshot" library="SeleniumLibrary">
<doc>Takes screenshot of the current page and embeds it into log file.</doc>
<msg timestamp="20190712 12:15:49.002" level="FAIL">InvalidSessionIdException: Message: Tried to run command without establishing a connection
</msg>
<status status="FAIL" starttime="20190712 12:15:48.878" endtime="20190712 12:15:49.002"></status>
</kw>
<msg timestamp="20190712 12:15:49.002" level="WARN">Keyword 'Capture Page Screenshot' could not be run on failure: InvalidSessionIdException: Message: Tried to run command without establishing a connection
</msg>
<msg timestamp="20190712 12:15:49.014" level="FAIL">WebDriverException: Message: Failed to decode response from marionette
</msg>
<status status="FAIL" starttime="20190712 12:15:47.003" endtime="20190712 12:15:49.015"></status>
</kw>
<status status="FAIL" starttime="20190712 12:15:39.175" endtime="20190712 12:15:49.015"></status>
</kw>
<status status="FAIL" starttime="20190712 12:15:39.175" endtime="20190712 12:15:49.015"></status>
</kw>
<status status="FAIL" starttime="20190712 12:15:39.172" endtime="20190712 12:15:49.015" critical="yes">WebDriverException: Message: Failed to decode response from marionette
</status>
</test>
<doc>Simple example using SeleniumLibrary.</doc>
<status status="FAIL" starttime="20190712 12:15:38.956" endtime="20190712 12:15:49.016"></status>
</suite>
<status status="FAIL" starttime="20190712 12:15:38.954" endtime="20190712 12:15:49.018"></status>
</suite>
<status status="FAIL" starttime="20190712 12:15:38.931" endtime="20190712 12:15:49.019"></status>
</suite>
<statistics>
<total>
<stat pass="0" fail="1">Critical Tests</stat>
<stat pass="0" fail="1">All Tests</stat>
</total>
<tag>
</tag>
<suite>
<stat pass="0" fail="1" id="s1" name="RobotProject">RobotProject</stat>
<stat pass="0" fail="1" id="s1-s1" name="Test">RobotProject.Test</stat>
<stat pass="0" fail="1" id="s1-s1-s1" name="TestSuite">RobotProject.Test.TestSuite</stat>
</suite>
</statistics>
<errors>
<msg timestamp="20190712 12:15:49.002" level="WARN">Keyword 'Capture Page Screenshot' could not be run on failure: InvalidSessionIdException: Message: Tried to run command without establishing a connection
</msg>
</errors>
</robot>
